f:\c_sharp_call_cpp_dll\创建一个c++ dll文件\创建一个dll的完整代码示例\gocool\gocool\x64\release\gocool.pch
f:\c_sharp_call_cpp_dll\创建一个c++ dll文件\创建一个dll的完整代码示例\gocool\gocool\x64\release\vc141.pdb
f:\c_sharp_call_cpp_dll\创建一个c++ dll文件\创建一个dll的完整代码示例\gocool\gocool\x64\release\stdafx.obj
f:\c_sharp_call_cpp_dll\创建一个c++ dll文件\创建一个dll的完整代码示例\gocool\gocool\x64\release\dllmain.obj
f:\c_sharp_call_cpp_dll\创建一个c++ dll文件\创建一个dll的完整代码示例\gocool\gocool\x64\release\gocool.obj
c:\users\administrator\desktop\如何创建c++dll\gocool\x64\release\gocool.lib
c:\users\administrator\desktop\如何创建c++dll\gocool\x64\release\gocool.exp
f:\c_sharp_call_cpp_dll\创建一个c++ dll文件\创建一个dll的完整代码示例\gocool\x64\release\gocool.lib
f:\c_sharp_call_cpp_dll\创建一个c++ dll文件\创建一个dll的完整代码示例\gocool\x64\release\gocool.exp
f:\c_sharp_call_cpp_dll\创建一个c++ dll文件\创建一个dll的完整代码示例\gocool\x64\release\gocool.ipdb
f:\c_sharp_call_cpp_dll\创建一个c++ dll文件\创建一个dll的完整代码示例\gocool\x64\release\gocool.iobj
c:\users\administrator\desktop\如何创建c++dll\gocool\x64\release\gocool.dll
c:\users\administrator\desktop\如何创建c++dll\gocool\x64\release\gocool.ipdb
c:\users\administrator\desktop\如何创建c++dll\gocool\x64\release\gocool.iobj
c:\users\administrator\desktop\如何创建c++dll\gocool\x64\release\gocool.pdb
f:\c_sharp_call_cpp_dll\创建一个c++ dll文件\创建一个dll的完整代码示例\gocool\x64\release\gocool.dll
f:\c_sharp_call_cpp_dll\创建一个c++ dll文件\创建一个dll的完整代码示例\gocool\x64\release\gocool.pdb
f:\c_sharp_call_cpp_dll\创建一个c++ dll文件\创建一个dll的完整代码示例\gocool\gocool\x64\release\vc140.pdb
f:\c_sharp_call_cpp_dll\创建一个c++ dll文件\创建一个dll的完整代码示例\gocool\gocool\x64\release\gocool.tlog\cl.command.1.tlog
f:\c_sharp_call_cpp_dll\创建一个c++ dll文件\创建一个dll的完整代码示例\gocool\gocool\x64\release\gocool.tlog\cl.read.1.tlog
f:\c_sharp_call_cpp_dll\创建一个c++ dll文件\创建一个dll的完整代码示例\gocool\gocool\x64\release\gocool.tlog\cl.write.1.tlog
f:\c_sharp_call_cpp_dll\创建一个c++ dll文件\创建一个dll的完整代码示例\gocool\gocool\x64\release\gocool.tlog\gocool.write.1u.tlog
f:\c_sharp_call_cpp_dll\创建一个c++ dll文件\创建一个dll的完整代码示例\gocool\gocool\x64\release\gocool.tlog\link.command.1.tlog
f:\c_sharp_call_cpp_dll\创建一个c++ dll文件\创建一个dll的完整代码示例\gocool\gocool\x64\release\gocool.tlog\link.delete.1.tlog
f:\c_sharp_call_cpp_dll\创建一个c++ dll文件\创建一个dll的完整代码示例\gocool\gocool\x64\release\gocool.tlog\link.read.1.tlog
f:\c_sharp_call_cpp_dll\创建一个c++ dll文件\创建一个dll的完整代码示例\gocool\gocool\x64\release\gocool.tlog\link.write.1.tlog
